<?xml version="1.0" encoding="UTF-8"?>
<!-- Generated by org.testng.reporters.JUnitXMLReporter -->
<testsuite ignored="0" hostname="LAPTOP-GB6I0OB6" failures="0" tests="4" name="EdgeTest" time="73.811" errors="0" timestamp="2023-09-27T19:46:10 IST">
  <testcase classname="testcases.HomeTest" name="verifyHomePage" time="0.0">
    <skipped/>
  </testcase> <!-- verifyHomePage -->
  <testcase classname="testcases.LoginTest" name="verifyLogin" time="0.001">
    <skipped/>
  </testcase> <!-- verifyLogin -->
  <testcase classname="testcases.LoginTest" name="verifyLogin" time="0.0">
    <skipped/>
  </testcase> <!-- verifyLogin -->
  <testcase classname="testcases.WorkersTest" name="verifyWorkersPage" time="0.0">
    <skipped/>
  </testcase> <!-- verifyWorkersPage -->
</testsuite> <!-- EdgeTest -->
